[debug] [2022-09-28T15:21:08.836Z] ----------------------------------------------------------------------
[debug] [2022-09-28T15:21:08.838Z] Command:       /snap/node/6742/bin/node /usr/local/bin/firebase emulators:start
[debug] [2022-09-28T15:21:08.838Z] CLI Version:   11.9.0
[debug] [2022-09-28T15:21:08.838Z] Platform:      linux
[debug] [2022-09-28T15:21:08.839Z] Node Version:  v16.17.1
[debug] [2022-09-28T15:21:08.863Z] Time:          Wed Sep 28 2022 20:51:08 GMT+0530 (India Standard Time)
[debug] [2022-09-28T15:21:08.863Z] ----------------------------------------------------------------------
[debug] 
[debug] [2022-09-28T15:21:08.973Z] > command requires scopes: ["email","openid","https://www.googleapis.com/auth/cloudplatformprojects.readonly","https://www.googleapis.com/auth/firebase","https://www.googleapis.com/auth/cloud-platform"]
[debug] [2022-09-28T15:21:08.974Z] > authorizing via signed-in user (bhatfaisalfnb@gmail.com)
[info] i  emulators: Starting emulators: functions, hosting {"metadata":{"emulator":{"name":"hub"},"message":"Starting emulators: functions, hosting"}}
[debug] [2022-09-28T15:21:09.006Z] [hub] writing locator at /tmp/hub-clone-24c33.json
[warn] ⚠  functions: The following emulators are not running, calls to these services from the Functions emulator will affect production: auth, firestore, database, pubsub, storage, eventarc {"metadata":{"emulator":{"name":"functions"},"message":"The following emulators are not running, calls to these services from the Functions emulator will affect production: \u001b[1mauth, firestore, database, pubsub, storage, eventarc\u001b[22m"}}
[info] ✔  functions: Using node@16 from host. {"metadata":{"emulator":{"name":"functions"},"message":"Using node@16 from host."}}
[debug] [2022-09-28T15:21:09.059Z] defaultcredentials: writing to file /home/faisalnazir/.config/firebase/bhatfaisalfnb_gmail_com_application_default_credentials.json
[debug] [2022-09-28T15:21:09.061Z] Setting GAC to /home/faisalnazir/.config/firebase/bhatfaisalfnb_gmail_com_application_default_credentials.json {"metadata":{"emulator":{"name":"functions"},"message":"Setting GAC to /home/faisalnazir/.config/firebase/bhatfaisalfnb_gmail_com_application_default_credentials.json"}}
[debug] [2022-09-28T15:21:09.063Z] > refreshing access token with scopes: []
[debug] [2022-09-28T15:21:09.066Z] >>> [apiv2][query] POST https://www.googleapis.com/oauth2/v3/token [none]
[debug] [2022-09-28T15:21:09.067Z] >>> [apiv2][body] POST https://www.googleapis.com/oauth2/v3/token [omitted]
[debug] [2022-09-28T15:21:09.221Z] <<< [apiv2][status] POST https://www.googleapis.com/oauth2/v3/token 200
[debug] [2022-09-28T15:21:09.222Z] <<< [apiv2][body] POST https://www.googleapis.com/oauth2/v3/token [omitted]
[debug] [2022-09-28T15:21:09.232Z] >>> [apiv2][query] GET https://firebase.googleapis.com/v1beta1/projects/clone-24c33/adminSdkConfig [none]
[debug] [2022-09-28T15:21:09.647Z] <<< [apiv2][status] GET https://firebase.googleapis.com/v1beta1/projects/clone-24c33/adminSdkConfig 200
[debug] [2022-09-28T15:21:09.648Z] <<< [apiv2][body] GET https://firebase.googleapis.com/v1beta1/projects/clone-24c33/adminSdkConfig {"projectId":"clone-24c33","storageBucket":"clone-24c33.appspot.com","locationId":"us-central"}
[debug] [2022-09-28T15:21:09.672Z] >>> [apiv2][query] GET https://firebasehosting.googleapis.com/v1beta1/projects/clone-24c33/sites 
[debug] [2022-09-28T15:21:10.790Z] <<< [apiv2][status] GET https://firebasehosting.googleapis.com/v1beta1/projects/clone-24c33/sites 200
[debug] [2022-09-28T15:21:10.791Z] <<< [apiv2][body] GET https://firebasehosting.googleapis.com/v1beta1/projects/clone-24c33/sites {"sites":[{"name":"projects/clone-24c33/sites/clone-24c33","defaultUrl":"https://clone-24c33.web.app","appId":"1:170700109856:web:1ac1aacca295f29a866445","type":"DEFAULT_SITE"}]}
[debug] [2022-09-28T15:21:10.791Z] >>> [apiv2][query] GET https://firebase.googleapis.com/v1beta1/projects/clone-24c33/webApps/1:170700109856:web:1ac1aacca295f29a866445/config [none]
[debug] [2022-09-28T15:21:12.072Z] <<< [apiv2][status] GET https://firebase.googleapis.com/v1beta1/projects/clone-24c33/webApps/1:170700109856:web:1ac1aacca295f29a866445/config 200
[debug] [2022-09-28T15:21:12.072Z] <<< [apiv2][body] GET https://firebase.googleapis.com/v1beta1/projects/clone-24c33/webApps/1:170700109856:web:1ac1aacca295f29a866445/config {"projectId":"clone-24c33","appId":"1:170700109856:web:1ac1aacca295f29a866445","storageBucket":"clone-24c33.appspot.com","locationId":"us-central","apiKey":"AIzaSyDst0XHcbi6RhCOZdUtMPI7SE4OVit5g2s","authDomain":"clone-24c33.firebaseapp.com","messagingSenderId":"170700109856"}
[info] i  hosting: Serving hosting files from: build {"metadata":{"emulator":{"name":"hosting"},"message":"Serving hosting files from: \u001b[1mbuild\u001b[22m"}}
[info] ✔  hosting: Local server: http://localhost:5000 {"metadata":{"emulator":{"name":"hosting"},"message":"Local server: \u001b[4m\u001b[1mhttp://localhost:5000\u001b[22m\u001b[24m"}}
[debug] [2022-09-28T15:21:12.106Z] Ignoring unsupported arg: auto_download {"metadata":{"emulator":{"name":"ui"},"message":"Ignoring unsupported arg: auto_download"}}
[debug] [2022-09-28T15:21:12.106Z] Ignoring unsupported arg: port {"metadata":{"emulator":{"name":"ui"},"message":"Ignoring unsupported arg: port"}}
[debug] [2022-09-28T15:21:12.106Z] Starting Emulator UI with command {"binary":"node","args":["/home/faisalnazir/.cache/firebase/emulators/ui-v1.9.0/server/server.js"],"optionalArgs":[],"joinArgs":false} {"metadata":{"emulator":{"name":"ui"},"message":"Starting Emulator UI with command {\"binary\":\"node\",\"args\":[\"/home/faisalnazir/.cache/firebase/emulators/ui-v1.9.0/server/server.js\"],\"optionalArgs\":[],\"joinArgs\":false}"}}
[info] i  ui: Emulator UI logging to ui-debug.log {"metadata":{"emulator":{"name":"ui"},"message":"Emulator UI logging to \u001b[1mui-debug.log\u001b[22m"}}
[info] i  functions: Watching "/home/faisalnazir/Desktop/web dev/react/amazon_clone/amazon_cl/functions" for Cloud Functions... {"metadata":{"emulator":{"name":"functions"},"message":"Watching \"/home/faisalnazir/Desktop/web dev/react/amazon_clone/amazon_cl/functions\" for Cloud Functions..."}}
[debug] [2022-09-28T15:21:12.377Z] Validating nodejs source
[debug] [2022-09-28T15:21:13.379Z] getFunctionsSDKVersion encountered error:Unexpected end of JSON input {}
[debug] [2022-09-28T15:21:13.380Z] checkFunctionsSDKVersion encountered error:Invalid Version:  {}
[debug] [2022-09-28T15:21:13.381Z] > [functions] package.json contents: {
  "name": "functions",
  "description": "Cloud Functions for Firebase",
  "scripts": {
    "lint": "eslint .",
    "serve": "firebase emulators:start --only functions",
    "shell": "firebase functions:shell",
    "start": "npm run shell",
    "deploy": "firebase deploy --only functions",
    "logs": "firebase functions:log"
  },
  "engines": {
    "node": "16"
  },
  "main": "index.js",
  "dependencies": {
    "cors": "^2.8.5",
    "express": "^4.18.1",
    "firebase-admin": "^10.0.2",
    "firebase-functions": "^3.18.0",
    "stripe": "^10.10.0"
  },
  "devDependencies": {
    "@babel/eslint-parser": "^7.19.1",
    "babel-eslint": "^10.1.0",
    "eslint": "^8.9.0",
    "eslint-config-google": "^0.14.0",
    "firebase-functions-test": "^0.2.0"
  },
  "private": true
}
[debug] [2022-09-28T15:21:13.381Z] Building nodejs source
[debug] [2022-09-28T15:21:13.381Z] Analyzing nodejs backend spec
[debug] [2022-09-28T15:21:14.347Z] getFunctionsSDKVersion encountered error:Unexpected end of JSON input {}
[debug] [2022-09-28T15:21:15.613Z] getFunctionsSDKVersion encountered error:Unexpected end of JSON input {}
[debug] [2022-09-28T15:21:15.614Z] Could not parse firebase-functions version '' into semver. Falling back to parseTriggers.
[info] ✔  functions: Loaded functions definitions from source: api. {"metadata":{"emulator":{"name":"functions"},"message":"Loaded functions definitions from source: api."}}
[info] ✔  functions[us-central1-api]: http function initialized (http://localhost:5001/clone-24c33/us-central1/api). {"metadata":{"emulator":{"name":"functions"},"message":"\u001b[1mhttp\u001b[22m function initialized (http://localhost:5001/clone-24c33/us-central1/api)."}}
[info] 
┌─────────────────────────────────────────────────────────────┐
│ ✔  All emulators ready! It is now safe to connect your app. │
│ i  View Emulator UI at http://localhost:4000                │
└─────────────────────────────────────────────────────────────┘

┌───────────┬────────────────┬─────────────────────────────────┐
│ Emulator  │ Host:Port      │ View in Emulator UI             │
├───────────┼────────────────┼─────────────────────────────────┤
│ Functions │ localhost:5001 │ http://localhost:4000/functions │
├───────────┼────────────────┼─────────────────────────────────┤
│ Hosting   │ localhost:5000 │ n/a                             │
└───────────┴────────────────┴─────────────────────────────────┘
  Emulator Hub running at localhost:4400
  Other reserved ports: 4500

Issues? Report them at https://github.com/firebase/firebase-tools/issues and attach the *-debug.log files.
 
